# JRE version: OpenJDK Runtime Environment (11.0.18+10) (build 11.0.18+10-post-Ubuntu-0ubuntu122.04)
# Java VM: OpenJDK 64-Bit Server VM (11.0.18+10-post-Ubuntu-0ubuntu122.04, mixed mode, sharing, tiered, compressed oops, g1 gc, linux-amd64)
Heap:
 garbage-first heap   total 516096K, used 95019K [0x000000060de00000, 0x0000000800000000)
  region size 2048K, 42 young (86016K), 8 survivors (16384K)
 Metaspace       used 42883K, capacity 43523K, committed 43692K, reserved 1087488K
  class space    used 5139K, capacity 5350K, committed 5376K, reserved 1048576K
GC Heap History (6 events):
Event: 0.171 GC heap before
{Heap before GC invocations=0 (full 0):
 garbage-first heap   total 516096K, used 27340K [0x000000060de00000, 0x0000000800000000)
  region size 2048K, 12 young (24576K), 0 survivors (0K)
 Metaspace       used 6429K, capacity 9597K, committed 9728K, reserved 1058816K
  class space    used 640K, capacity 942K, committed 1024K, reserved 1048576K
}
Event: 0.180 GC heap after
{Heap after GC invocations=1 (full 0):
 garbage-first heap   total 516096K, used 7126K [0x000000060de00000, 0x0000000800000000)
  region size 2048K, 2 young (4096K), 2 survivors (4096K)
 Metaspace       used 6429K, capacity 9597K, committed 9728K, reserved 1058816K
  class space    used 640K, capacity 942K, committed 1024K, reserved 1048576K
}
Event: 0.728 GC heap before
{Heap before GC invocations=1 (full 0):
 garbage-first heap   total 516096K, used 68566K [0x000000060de00000, 0x0000000800000000)
  region size 2048K, 31 young (63488K), 2 survivors (4096K)
 Metaspace       used 19977K, capacity 21013K, committed 21248K, reserved 1069056K
  class space    used 2261K, capacity 2449K, committed 2560K, reserved 1048576K
}
Event: 0.755 GC heap after
{Heap after GC invocations=2 (full 0):
 garbage-first heap   total 516096K, used 16300K [0x000000060de00000, 0x0000000800000000)
  region size 2048K, 4 young (8192K), 4 survivors (8192K)
 Metaspace       used 19977K, capacity 21013K, committed 21248K, reserved 1069056K
  class space    used 2261K, capacity 2449K, committed 2560K, reserved 1048576K
}
Event: 2.114 GC heap before
{Heap before GC invocations=3 (full 0):
 garbage-first heap   total 516096K, used 98220K [0x000000060de00000, 0x0000000800000000)
  region size 2048K, 44 young (90112K), 4 survivors (8192K)
 Metaspace       used 35361K, capacity 36035K, committed 36268K, reserved 1081344K
  class space    used 4391K, capacity 4574K, committed 4608K, reserved 1048576K
}
Event: 2.138 GC heap after
{Heap after GC invocations=4 (full 0):
 garbage-first heap   total 516096K, used 25387K [0x000000060de00000, 0x0000000800000000)
  region size 2048K, 8 young (16384K), 8 survivors (16384K)
 Metaspace       used 35361K, capacity 36035K, committed 36268K, reserved 1081344K
  class space    used 4391K, capacity 4574K, committed 4608K, reserved 1048576K
}

