# JRE version: OpenJDK Runtime Environment (11.0.18+10) (build 11.0.18+10-post-Ubuntu-0ubuntu122.04)
# Java VM: OpenJDK 64-Bit Server VM (11.0.18+10-post-Ubuntu-0ubuntu122.04, mixed mode, sharing, tiered, compressed oops, g1 gc, linux-amd64)
Heap:
 garbage-first heap   total 706560K, used 236110K [0x000000060de00000, 0x0000000800000000)
  region size 2048K, 89 young (182272K), 21 survivors (43008K)
 Metaspace       used 88303K, capacity 89263K, committed 89728K, reserved 1130496K
  class space    used 9087K, capacity 9481K, committed 9600K, reserved 1048576K
GC Heap History (16 events):
Event: 0.162 GC heap before
{Heap before GC invocations=0 (full 0):
 garbage-first heap   total 516096K, used 27340K [0x000000060de00000, 0x0000000800000000)
  region size 2048K, 12 young (24576K), 0 survivors (0K)
 Metaspace       used 6426K, capacity 9597K, committed 9728K, reserved 1058816K
  class space    used 640K, capacity 942K, committed 1024K, reserved 1048576K
}
Event: 0.167 GC heap after
{Heap after GC invocations=1 (full 0):
 garbage-first heap   total 516096K, used 7128K [0x000000060de00000, 0x0000000800000000)
  region size 2048K, 2 young (4096K), 2 survivors (4096K)
 Metaspace       used 6426K, capacity 9597K, committed 9728K, reserved 1058816K
  class space    used 640K, capacity 942K, committed 1024K, reserved 1048576K
}
Event: 0.557 GC heap before
{Heap before GC invocations=1 (full 0):
 garbage-first heap   total 516096K, used 70616K [0x000000060de00000, 0x0000000800000000)
  region size 2048K, 32 young (65536K), 2 survivors (4096K)
 Metaspace       used 20023K, capacity 21015K, committed 21248K, reserved 1069056K
  class space    used 2263K, capacity 2450K, committed 2560K, reserved 1048576K
}
Event: 0.563 GC heap after
{Heap after GC invocations=2 (full 0):
 garbage-first heap   total 516096K, used 16428K [0x000000060de00000, 0x0000000800000000)
  region size 2048K, 4 young (8192K), 4 survivors (8192K)
 Metaspace       used 20023K, capacity 21015K, committed 21248K, reserved 1069056K
  class space    used 2263K, capacity 2450K, committed 2560K, reserved 1048576K
}
Event: 1.010 GC heap before
{Heap before GC invocations=3 (full 0):
 garbage-first heap   total 516096K, used 94252K [0x000000060de00000, 0x0000000800000000)
  region size 2048K, 42 young (86016K), 4 survivors (8192K)
 Metaspace       used 34600K, capacity 35294K, committed 35840K, reserved 1081344K
  class space    used 4295K, capacity 4476K, committed 4480K, reserved 1048576K
}
Event: 1.025 GC heap after
{Heap after GC invocations=4 (full 0):
 garbage-first heap   total 516096K, used 25347K [0x000000060de00000, 0x0000000800000000)
  region size 2048K, 8 young (16384K), 8 survivors (16384K)
 Metaspace       used 34600K, capacity 35294K, committed 35840K, reserved 1081344K
  class space    used 4295K, capacity 4476K, committed 4480K, reserved 1048576K
}
Event: 2.159 GC heap before
{Heap before GC invocations=5 (full 0):
 garbage-first heap   total 516096K, used 121603K [0x000000060de00000, 0x0000000800000000)
  region size 2048K, 54 young (110592K), 8 survivors (16384K)
 Metaspace       used 48620K, capacity 49270K, committed 49920K, reserved 1093632K
  class space    used 5777K, capacity 6041K, committed 6144K, reserved 1048576K
}
Event: 2.168 GC heap after
{Heap after GC invocations=6 (full 0):
 garbage-first heap   total 516096K, used 38023K [0x000000060de00000, 0x0000000800000000)
  region size 2048K, 6 young (12288K), 6 survivors (12288K)
 Metaspace       used 48620K, capacity 49270K, committed 49920K, reserved 1093632K
  class space    used 5777K, capacity 6041K, committed 6144K, reserved 1048576K
}
Event: 3.420 GC heap before
{Heap before GC invocations=6 (full 0):
 garbage-first heap   total 516096K, used 150663K [0x000000060de00000, 0x0000000800000000)
  region size 2048K, 61 young (124928K), 6 survivors (12288K)
 Metaspace       used 56061K, capacity 56873K, committed 57344K, reserved 1099776K
  class space    used 6547K, capacity 6876K, committed 6912K, reserved 1048576K
}
Event: 3.449 GC heap after
{Heap after GC invocations=7 (full 0):
 garbage-first heap   total 706560K, used 54986K [0x000000060de00000, 0x0000000800000000)
  region size 2048K, 8 young (16384K), 8 survivors (16384K)
 Metaspace       used 56061K, capacity 56873K, committed 57344K, reserved 1099776K
  class space    used 6547K, capacity 6876K, committed 6912K, reserved 1048576K
}
Event: 4.145 GC heap before
{Heap before GC invocations=7 (full 0):
 garbage-first heap   total 706560K, used 87754K [0x000000060de00000, 0x0000000800000000)
  region size 2048K, 25 young (51200K), 8 survivors (16384K)
 Metaspace       used 59069K, capacity 59892K, committed 60288K, reserved 1101824K
  class space    used 6747K, capacity 7088K, committed 7168K, reserved 1048576K
}
Event: 4.152 GC heap after
{Heap after GC invocations=8 (full 0):
 garbage-first heap   total 706560K, used 59854K [0x000000060de00000, 0x0000000800000000)
  region size 2048K, 3 young (6144K), 3 survivors (6144K)
 Metaspace       used 59069K, capacity 59892K, committed 60288K, reserved 1101824K
  class space    used 6747K, capacity 7088K, committed 7168K, reserved 1048576K
}
Event: 6.734 GC heap before
{Heap before GC invocations=9 (full 0):
 garbage-first heap   total 706560K, used 201166K [0x000000060de00000, 0x0000000800000000)
  region size 2048K, 71 young (145408K), 3 survivors (6144K)
 Metaspace       used 63035K, capacity 63982K, committed 64256K, reserved 1105920K
  class space    used 7042K, capacity 7414K, committed 7424K, reserved 1048576K
}
Event: 6.743 GC heap after
{Heap after GC invocations=10 (full 0):
 garbage-first heap   total 706560K, used 72570K [0x000000060de00000, 0x0000000800000000)
  region size 2048K, 8 young (16384K), 8 survivors (16384K)
 Metaspace       used 63035K, capacity 63982K, committed 64256K, reserved 1105920K
  class space    used 7042K, capacity 7414K, committed 7424K, reserved 1048576K
}
Event: 11.179 GC heap before
{Heap before GC invocations=10 (full 0):
 garbage-first heap   total 706560K, used 480122K [0x000000060de00000, 0x0000000800000000)
  region size 2048K, 207 young (423936K), 8 survivors (16384K)
 Metaspace       used 82068K, capacity 83065K, committed 83328K, reserved 1124352K
  class space    used 8669K, capacity 9058K, committed 9088K, reserved 1048576K
}
Event: 11.213 GC heap after
{Heap after GC invocations=11 (full 0):
 garbage-first heap   total 706560K, used 98894K [0x000000060de00000, 0x0000000800000000)
  region size 2048K, 21 young (43008K), 21 survivors (43008K)
 Metaspace       used 82068K, capacity 83065K, committed 83328K, reserved 1124352K
  class space    used 8669K, capacity 9058K, committed 9088K, reserved 1048576K
}

