# JRE version: OpenJDK Runtime Environment (11.0.18+10) (build 11.0.18+10-post-Ubuntu-0ubuntu122.04)
# Java VM: OpenJDK 64-Bit Server VM (11.0.18+10-post-Ubuntu-0ubuntu122.04, mixed mode, sharing, tiered, compressed oops, g1 gc, linux-amd64)
Heap:
 garbage-first heap   total 516096K, used 99479K [0x000000060de00000, 0x0000000800000000)
  region size 2048K, 31 young (63488K), 8 survivors (16384K)
 Metaspace       used 59924K, capacity 60805K, committed 61128K, reserved 1103872K
  class space    used 6793K, capacity 7156K, committed 7168K, reserved 1048576K
GC Heap History (10 events):
Event: 0.176 GC heap before
{Heap before GC invocations=0 (full 0):
 garbage-first heap   total 516096K, used 27340K [0x000000060de00000, 0x0000000800000000)
  region size 2048K, 12 young (24576K), 0 survivors (0K)
 Metaspace       used 6644K, capacity 9667K, committed 9984K, reserved 1058816K
  class space    used 662K, capacity 944K, committed 1024K, reserved 1048576K
}
Event: 0.186 GC heap after
{Heap after GC invocations=1 (full 0):
 garbage-first heap   total 516096K, used 7179K [0x000000060de00000, 0x0000000800000000)
  region size 2048K, 2 young (4096K), 2 survivors (4096K)
 Metaspace       used 6644K, capacity 9667K, committed 9984K, reserved 1058816K
  class space    used 662K, capacity 944K, committed 1024K, reserved 1048576K
}
Event: 0.760 GC heap before
{Heap before GC invocations=1 (full 0):
 garbage-first heap   total 516096K, used 68619K [0x000000060de00000, 0x0000000800000000)
  region size 2048K, 31 young (63488K), 2 survivors (4096K)
 Metaspace       used 19991K, capacity 21013K, committed 21248K, reserved 1069056K
  class space    used 2261K, capacity 2449K, committed 2560K, reserved 1048576K
}
Event: 0.778 GC heap after
{Heap after GC invocations=2 (full 0):
 garbage-first heap   total 516096K, used 16379K [0x000000060de00000, 0x0000000800000000)
  region size 2048K, 4 young (8192K), 4 survivors (8192K)
 Metaspace       used 19991K, capacity 21013K, committed 21248K, reserved 1069056K
  class space    used 2261K, capacity 2449K, committed 2560K, reserved 1048576K
}
Event: 2.099 GC heap before
{Heap before GC invocations=3 (full 0):
 garbage-first heap   total 516096K, used 98299K [0x000000060de00000, 0x0000000800000000)
  region size 2048K, 44 young (90112K), 4 survivors (8192K)
 Metaspace       used 35720K, capacity 36457K, committed 36808K, reserved 1081344K
  class space    used 4427K, capacity 4608K, committed 4608K, reserved 1048576K
}
Event: 2.126 GC heap after
{Heap after GC invocations=4 (full 0):
 garbage-first heap   total 516096K, used 25550K [0x000000060de00000, 0x0000000800000000)
  region size 2048K, 7 young (14336K), 7 survivors (14336K)
 Metaspace       used 35720K, capacity 36457K, committed 36808K, reserved 1081344K
  class space    used 4427K, capacity 4608K, committed 4608K, reserved 1048576K
}
Event: 3.490 GC heap before
{Heap before GC invocations=5 (full 0):
 garbage-first heap   total 516096K, used 121806K [0x000000060de00000, 0x0000000800000000)
  region size 2048K, 53 young (108544K), 7 survivors (14336K)
 Metaspace       used 49814K, capacity 50491K, committed 50760K, reserved 1093632K
  class space    used 5983K, capacity 6257K, committed 6272K, reserved 1048576K
}
Event: 3.495 GC heap after
{Heap after GC invocations=6 (full 0):
 garbage-first heap   total 516096K, used 37725K [0x000000060de00000, 0x0000000800000000)
  region size 2048K, 6 young (12288K), 6 survivors (12288K)
 Metaspace       used 49814K, capacity 50491K, committed 50760K, reserved 1093632K
  class space    used 5983K, capacity 6257K, committed 6272K, reserved 1048576K
}
Event: 4.270 GC heap before
{Heap before GC invocations=6 (full 0):
 garbage-first heap   total 516096K, used 150365K [0x000000060de00000, 0x0000000800000000)
  region size 2048K, 61 young (124928K), 6 survivors (12288K)
 Metaspace       used 56211K, capacity 57038K, committed 57288K, reserved 1099776K
  class space    used 6562K, capacity 6910K, committed 6912K, reserved 1048576K
}
Event: 4.280 GC heap after
{Heap after GC invocations=7 (full 0):
 garbage-first heap   total 516096K, used 54423K [0x000000060de00000, 0x0000000800000000)
  region size 2048K, 8 young (16384K), 8 survivors (16384K)
 Metaspace       used 56211K, capacity 57038K, committed 57288K, reserved 1099776K
  class space    used 6562K, capacity 6910K, committed 6912K, reserved 1048576K
}

